2025-01-24 11:48:10 [ERROR] Error loading model file (de.fraunhofer.iosb.ilt.faaast.service.starter.ExecutionExceptionHandler)
de.fraunhofer.iosb.ilt.faaast.service.starter.InitializationException: Error loading model file
	at de.fraunhofer.iosb.ilt.faaast.service.starter.App.validate(App.java:300)
	at de.fraunhofer.iosb.ilt.faaast.service.starter.App.run(App.java:356)
	at picocli.CommandLine.executeUserObject(CommandLine.java:2030)
	at picocli.CommandLine.access$1500(CommandLine.java:148)
	at picocli.CommandLine$RunLast.executeUserObjectOfLastSubcommandWithSameParent(CommandLine.java:2465)
	at picocli.CommandLine$RunLast.handle(CommandLine.java:2457)
	at picocli.CommandLine$RunLast.handle(CommandLine.java:2419)
	at picocli.CommandLine$AbstractParseResultHandler.execute(CommandLine.java:2277)
	at picocli.CommandLine$RunLast.execute(CommandLine.java:2421)
	at picocli.CommandLine.execute(CommandLine.java:2174)
	at de.fraunhofer.iosb.ilt.faaast.service.starter.App.main(App.java:224)
Caused by: de.fraunhofer.iosb.ilt.faaast.service.dataformat.DeserializationException: error reading AAS file - could be not parsed using any of the potential data formats identified by file extension (potential data formats: JSON)
	at de.fraunhofer.iosb.ilt.faaast.service.dataformat.EnvironmentSerializationManager.deserialize(EnvironmentSerializationManager.java:161)
	at de.fraunhofer.iosb.ilt.faaast.service.starter.App.validate(App.java:289)
	... 10 common frames omitted
2025-01-24 11:54:10 [ERROR] Error loading model file (de.fraunhofer.iosb.ilt.faaast.service.starter.ExecutionExceptionHandler)
de.fraunhofer.iosb.ilt.faaast.service.starter.InitializationException: Error loading model file
	at de.fraunhofer.iosb.ilt.faaast.service.starter.App.validate(App.java:300)
	at de.fraunhofer.iosb.ilt.faaast.service.starter.App.run(App.java:356)
	at picocli.CommandLine.executeUserObject(CommandLine.java:2030)
	at picocli.CommandLine.access$1500(CommandLine.java:148)
	at picocli.CommandLine$RunLast.executeUserObjectOfLastSubcommandWithSameParent(CommandLine.java:2465)
	at picocli.CommandLine$RunLast.handle(CommandLine.java:2457)
	at picocli.CommandLine$RunLast.handle(CommandLine.java:2419)
	at picocli.CommandLine$AbstractParseResultHandler.execute(CommandLine.java:2277)
	at picocli.CommandLine$RunLast.execute(CommandLine.java:2421)
	at picocli.CommandLine.execute(CommandLine.java:2174)
	at de.fraunhofer.iosb.ilt.faaast.service.starter.App.main(App.java:224)
Caused by: de.fraunhofer.iosb.ilt.faaast.service.dataformat.DeserializationException: error reading AAS file - could be not parsed using any of the potential data formats identified by file extension (potential data formats: JSON)
	at de.fraunhofer.iosb.ilt.faaast.service.dataformat.EnvironmentSerializationManager.deserialize(EnvironmentSerializationManager.java:161)
	at de.fraunhofer.iosb.ilt.faaast.service.starter.App.validate(App.java:289)
	... 10 common frames omitted
2025-01-24 14:12:29 [INFO] Using log level for FA³ST packages: DEBUG (de.fraunhofer.iosb.ilt.faaast.service.starter.App)
2025-01-24 14:12:29 [INFO] Using log level for external packages: WARN (de.fraunhofer.iosb.ilt.faaast.service.starter.App)
2025-01-24 14:12:29 [INFO]             _____                                                        (de.fraunhofer.iosb.ilt.faaast.service.starter.App)
2025-01-24 14:12:29 [INFO]            |___ /                                                        (de.fraunhofer.iosb.ilt.faaast.service.starter.App)
2025-01-24 14:12:29 [INFO]  ______      |_ \    _____ _______     _____                 _           (de.fraunhofer.iosb.ilt.faaast.service.starter.App)
2025-01-24 14:12:29 [INFO] |  ____/\   ___) | / ____|__   __|    / ____|               (_)          (de.fraunhofer.iosb.ilt.faaast.service.starter.App)
2025-01-24 14:12:29 [INFO] | |__ /  \ |____/ | (___    | |      | (___   ___ _ ____   ___  ___ ___  (de.fraunhofer.iosb.ilt.faaast.service.starter.App)
2025-01-24 14:12:29 [INFO] |  __/ /\ \        \___ \   | |       \___ \ / _ \ '__\ \ / / |/ __/ _ \ (de.fraunhofer.iosb.ilt.faaast.service.starter.App)
2025-01-24 14:12:29 [INFO] | | / ____ \       ____) |  | |       ____) |  __/ |   \ V /| | (_|  __/ (de.fraunhofer.iosb.ilt.faaast.service.starter.App)
2025-01-24 14:12:29 [INFO] |_|/_/    \_\     |_____/   |_|      |_____/ \___|_|    \_/ |_|\___\___| (de.fraunhofer.iosb.ilt.faaast.service.starter.App)
2025-01-24 14:12:29 [INFO]  (de.fraunhofer.iosb.ilt.faaast.service.starter.App)
2025-01-24 14:12:29 [INFO] ------------------------------------------------------------------------- (de.fraunhofer.iosb.ilt.faaast.service.starter.App)
2025-01-24 14:12:29 [INFO] Version 1.1.0 (de.fraunhofer.iosb.ilt.faaast.service.starter.App)
2025-01-24 14:12:29 [INFO] Git Commit ID: 403aab4 (de.fraunhofer.iosb.ilt.faaast.service.starter.App)
2025-01-24 14:12:29 [INFO] Commit Time: 2024-07-18T10:09:19Z (de.fraunhofer.iosb.ilt.faaast.service.starter.App)
2025-01-24 14:12:29 [INFO] ------------------------------------------------------------------------- (de.fraunhofer.iosb.ilt.faaast.service.starter.App)
2025-01-24 14:12:29 [INFO] Scanning directory '/home/mk/AAS/ROBOT_TEST' for jar files... (de.fraunhofer.iosb.ilt.faaast.service.util.ImplementationManager)
2025-01-24 14:12:29 [INFO] Config: /home/mk/AAS/ROBOT_TEST/config.json (CLI) (de.fraunhofer.iosb.ilt.faaast.service.starter.App)
2025-01-24 14:12:30 [DEBUG] No configuration for core found - using default (de.fraunhofer.iosb.ilt.faaast.service.starter.util.ServiceConfigHelper)
2025-01-24 14:12:30 [DEBUG] No configuration for file storage found - using default (de.fraunhofer.iosb.ilt.faaast.service.starter.util.ServiceConfigHelper)
2025-01-24 14:12:30 [INFO] Model: /home/mk/AAS/ROBOT_TEST/model.json (CLI) (de.fraunhofer.iosb.ilt.faaast.service.starter.App)
2025-01-24 14:12:30 [DEBUG] Validating model... (de.fraunhofer.iosb.ilt.faaast.service.starter.App)
2025-01-24 14:12:30 [DEBUG] Constraint validation: true (de.fraunhofer.iosb.ilt.faaast.service.starter.App)
2025-01-24 14:12:30 [DEBUG] IdShort uniqueness validation: true (de.fraunhofer.iosb.ilt.faaast.service.starter.App)
2025-01-24 14:12:30 [DEBUG] Identifier uniqueness validation: true (de.fraunhofer.iosb.ilt.faaast.service.starter.App)
2025-01-24 14:12:31 [DEBUG] failed deserializing model as %s, reason: %s (de.fraunhofer.iosb.ilt.faaast.service.dataformat.EnvironmentSerializationManager)
de.fraunhofer.iosb.ilt.faaast.service.dataformat.DeserializationException: JSON deserialization failed
	at de.fraunhofer.iosb.ilt.faaast.service.dataformat.environment.deserializer.JsonEnvironmentDeserializer.read(JsonEnvironmentDeserializer.java:57)
	at de.fraunhofer.iosb.ilt.faaast.service.dataformat.EnvironmentDeserializer.read(EnvironmentDeserializer.java:78)
	at de.fraunhofer.iosb.ilt.faaast.service.dataformat.EnvironmentDeserializer.read(EnvironmentDeserializer.java:64)
	at de.fraunhofer.iosb.ilt.faaast.service.dataformat.EnvironmentSerializationManager.deserialize(EnvironmentSerializationManager.java:152)
	at de.fraunhofer.iosb.ilt.faaast.service.starter.App.validate(App.java:289)
	at de.fraunhofer.iosb.ilt.faaast.service.starter.App.run(App.java:356)
	at picocli.CommandLine.executeUserObject(CommandLine.java:2030)
	at picocli.CommandLine.access$1500(CommandLine.java:148)
	at picocli.CommandLine$RunLast.executeUserObjectOfLastSubcommandWithSameParent(CommandLine.java:2465)
	at picocli.CommandLine$RunLast.handle(CommandLine.java:2457)
	at picocli.CommandLine$RunLast.handle(CommandLine.java:2419)
	at picocli.CommandLine$AbstractParseResultHandler.execute(CommandLine.java:2277)
	at picocli.CommandLine$RunLast.execute(CommandLine.java:2421)
	at picocli.CommandLine.execute(CommandLine.java:2174)
	at de.fraunhofer.iosb.ilt.faaast.service.starter.App.main(App.java:224)
Caused by: com.fasterxml.jackson.databind.JsonMappingException: No enum constant org.eclipse.digitaltwin.aas4j.v3.model.DataTypeDefXsd.ARRAY (through reference chain: org.eclipse.digitaltwin.aas4j.v3.model.impl.DefaultEnvironment["submodels"]->java.util.ArrayList[0]->org.eclipse.digitaltwin.aas4j.v3.model.impl.DefaultSubmodel["submodelElements"]->java.util.ArrayList[0]->org.eclipse.digitaltwin.aas4j.v3.model.impl.DefaultProperty["valueType"])
	at com.fasterxml.jackson.databind.JsonMappingException.wrapWithPath(JsonMappingException.java:402)
	at com.fasterxml.jackson.databind.JsonMappingException.wrapWithPath(JsonMappingException.java:361)
	at com.fasterxml.jackson.databind.deser.BeanDeserializerBase.wrapAndThrow(BeanDeserializerBase.java:1937)
	at com.fasterxml.jackson.databind.deser.BeanDeserializer.vanillaDeserialize(BeanDeserializer.java:312)
	at com.fasterxml.jackson.databind.deser.BeanDeserializer._deserializeOther(BeanDeserializer.java:215)
	at com.fasterxml.jackson.databind.deser.BeanDeserializer.deserialize(BeanDeserializer.java:187)
	at com.fasterxml.jackson.databind.jsontype.impl.AsPropertyTypeDeserializer._deserializeTypedForId(AsPropertyTypeDeserializer.java:170)
	at com.fasterxml.jackson.databind.jsontype.impl.AsPropertyTypeDeserializer.deserializeTypedFromObject(AsPropertyTypeDeserializer.java:136)
	at com.fasterxml.jackson.databind.deser.AbstractDeserializer.deserializeWithType(AbstractDeserializer.java:263)
	at com.fasterxml.jackson.databind.deser.std.CollectionDeserializer._deserializeFromArray(CollectionDeserializer.java:363)
	at com.fasterxml.jackson.databind.deser.std.CollectionDeserializer.deserialize(CollectionDeserializer.java:246)
	at com.fasterxml.jackson.databind.deser.std.CollectionDeserializer.deserialize(CollectionDeserializer.java:30)
	at com.fasterxml.jackson.databind.deser.impl.MethodProperty.deserializeAndSet(MethodProperty.java:129)
	at com.fasterxml.jackson.databind.deser.BeanDeserializer.vanillaDeserialize(BeanDeserializer.java:310)
	at com.fasterxml.jackson.databind.deser.BeanDeserializer._deserializeOther(BeanDeserializer.java:215)
	at com.fasterxml.jackson.databind.deser.BeanDeserializer.deserialize(BeanDeserializer.java:187)
	at com.fasterxml.jackson.databind.jsontype.impl.AsPropertyTypeDeserializer._deserializeTypedForId(AsPropertyTypeDeserializer.java:170)
	at com.fasterxml.jackson.databind.jsontype.impl.AsPropertyTypeDeserializer.deserializeTypedFromObject(AsPropertyTypeDeserializer.java:136)
	at com.fasterxml.jackson.databind.deser.BeanDeserializerBase.deserializeWithType(BeanDeserializerBase.java:1380)
	at com.fasterxml.jackson.databind.deser.std.CollectionDeserializer._deserializeFromArray(CollectionDeserializer.java:363)
	at com.fasterxml.jackson.databind.deser.std.CollectionDeserializer.deserialize(CollectionDeserializer.java:246)
	at com.fasterxml.jackson.databind.deser.std.CollectionDeserializer.deserialize(CollectionDeserializer.java:30)
	at com.fasterxml.jackson.databind.deser.impl.MethodProperty.deserializeAndSet(MethodProperty.java:129)
	at com.fasterxml.jackson.databind.deser.BeanDeserializer.vanillaDeserialize(BeanDeserializer.java:310)
	at com.fasterxml.jackson.databind.deser.BeanDeserializer.deserialize(BeanDeserializer.java:177)
	at com.fasterxml.jackson.databind.deser.DefaultDeserializationContext.readRootValue(DefaultDeserializationContext.java:342)
	at com.fasterxml.jackson.databind.ObjectMapper._readMapAndClose(ObjectMapper.java:4905)
	at com.fasterxml.jackson.databind.ObjectMapper.readValue(ObjectMapper.java:3861)
	at de.fraunhofer.iosb.ilt.faaast.service.dataformat.environment.deserializer.JsonEnvironmentDeserializer.read(JsonEnvironmentDeserializer.java:53)
	... 14 common frames omitted
Caused by: java.lang.IllegalArgumentException: No enum constant org.eclipse.digitaltwin.aas4j.v3.model.DataTypeDefXsd.ARRAY
	at java.base/java.lang.Enum.valueOf(Enum.java:273)
	at org.eclipse.digitaltwin.aas4j.v3.dataformat.core.internal.deserialization.EnumDeserializer.deserialize(EnumDeserializer.java:49)
	at org.eclipse.digitaltwin.aas4j.v3.dataformat.core.internal.deserialization.EnumDeserializer.deserialize(EnumDeserializer.java:31)
	at com.fasterxml.jackson.databind.deser.impl.MethodProperty.deserializeAndSet(MethodProperty.java:129)
	at com.fasterxml.jackson.databind.deser.BeanDeserializer.vanillaDeserialize(BeanDeserializer.java:310)
	... 39 common frames omitted
2025-01-24 14:12:31 [ERROR] Error loading model file (de.fraunhofer.iosb.ilt.faaast.service.starter.ExecutionExceptionHandler)
de.fraunhofer.iosb.ilt.faaast.service.starter.InitializationException: Error loading model file
	at de.fraunhofer.iosb.ilt.faaast.service.starter.App.validate(App.java:300)
	at de.fraunhofer.iosb.ilt.faaast.service.starter.App.run(App.java:356)
	at picocli.CommandLine.executeUserObject(CommandLine.java:2030)
	at picocli.CommandLine.access$1500(CommandLine.java:148)
	at picocli.CommandLine$RunLast.executeUserObjectOfLastSubcommandWithSameParent(CommandLine.java:2465)
	at picocli.CommandLine$RunLast.handle(CommandLine.java:2457)
	at picocli.CommandLine$RunLast.handle(CommandLine.java:2419)
	at picocli.CommandLine$AbstractParseResultHandler.execute(CommandLine.java:2277)
	at picocli.CommandLine$RunLast.execute(CommandLine.java:2421)
	at picocli.CommandLine.execute(CommandLine.java:2174)
	at de.fraunhofer.iosb.ilt.faaast.service.starter.App.main(App.java:224)
Caused by: de.fraunhofer.iosb.ilt.faaast.service.dataformat.DeserializationException: error reading AAS file - could be not parsed using any of the potential data formats identified by file extension (potential data formats: JSON)
	at de.fraunhofer.iosb.ilt.faaast.service.dataformat.EnvironmentSerializationManager.deserialize(EnvironmentSerializationManager.java:161)
	at de.fraunhofer.iosb.ilt.faaast.service.starter.App.validate(App.java:289)
	... 10 common frames omitted
2025-01-24 14:12:36 [INFO] Using log level for FA³ST packages: DEBUG (de.fraunhofer.iosb.ilt.faaast.service.starter.App)
2025-01-24 14:12:36 [INFO] Using log level for external packages: WARN (de.fraunhofer.iosb.ilt.faaast.service.starter.App)
2025-01-24 14:12:36 [INFO]             _____                                                        (de.fraunhofer.iosb.ilt.faaast.service.starter.App)
2025-01-24 14:12:36 [INFO]            |___ /                                                        (de.fraunhofer.iosb.ilt.faaast.service.starter.App)
2025-01-24 14:12:36 [INFO]  ______      |_ \    _____ _______     _____                 _           (de.fraunhofer.iosb.ilt.faaast.service.starter.App)
2025-01-24 14:12:36 [INFO] |  ____/\   ___) | / ____|__   __|    / ____|               (_)          (de.fraunhofer.iosb.ilt.faaast.service.starter.App)
2025-01-24 14:12:36 [INFO] | |__ /  \ |____/ | (___    | |      | (___   ___ _ ____   ___  ___ ___  (de.fraunhofer.iosb.ilt.faaast.service.starter.App)
2025-01-24 14:12:36 [INFO] |  __/ /\ \        \___ \   | |       \___ \ / _ \ '__\ \ / / |/ __/ _ \ (de.fraunhofer.iosb.ilt.faaast.service.starter.App)
2025-01-24 14:12:36 [INFO] | | / ____ \       ____) |  | |       ____) |  __/ |   \ V /| | (_|  __/ (de.fraunhofer.iosb.ilt.faaast.service.starter.App)
2025-01-24 14:12:36 [INFO] |_|/_/    \_\     |_____/   |_|      |_____/ \___|_|    \_/ |_|\___\___| (de.fraunhofer.iosb.ilt.faaast.service.starter.App)
2025-01-24 14:12:36 [INFO]  (de.fraunhofer.iosb.ilt.faaast.service.starter.App)
2025-01-24 14:12:36 [INFO] ------------------------------------------------------------------------- (de.fraunhofer.iosb.ilt.faaast.service.starter.App)
2025-01-24 14:12:36 [INFO] Version 1.1.0 (de.fraunhofer.iosb.ilt.faaast.service.starter.App)
2025-01-24 14:12:36 [INFO] Git Commit ID: 403aab4 (de.fraunhofer.iosb.ilt.faaast.service.starter.App)
2025-01-24 14:12:36 [INFO] Commit Time: 2024-07-18T10:09:19Z (de.fraunhofer.iosb.ilt.faaast.service.starter.App)
2025-01-24 14:12:36 [INFO] ------------------------------------------------------------------------- (de.fraunhofer.iosb.ilt.faaast.service.starter.App)
2025-01-24 14:12:36 [INFO] Scanning directory '/home/mk/AAS/ROBOT_TEST' for jar files... (de.fraunhofer.iosb.ilt.faaast.service.util.ImplementationManager)
2025-01-24 14:12:36 [INFO] Config: /home/mk/AAS/ROBOT_TEST/config.json (CLI) (de.fraunhofer.iosb.ilt.faaast.service.starter.App)
2025-01-24 14:12:37 [DEBUG] No configuration for core found - using default (de.fraunhofer.iosb.ilt.faaast.service.starter.util.ServiceConfigHelper)
2025-01-24 14:12:37 [DEBUG] No configuration for file storage found - using default (de.fraunhofer.iosb.ilt.faaast.service.starter.util.ServiceConfigHelper)
2025-01-24 14:12:37 [INFO] Model: /home/mk/AAS/ROBOT_TEST/model.json (CLI) (de.fraunhofer.iosb.ilt.faaast.service.starter.App)
2025-01-24 14:12:37 [DEBUG] Validating model... (de.fraunhofer.iosb.ilt.faaast.service.starter.App)
2025-01-24 14:12:37 [DEBUG] Constraint validation: true (de.fraunhofer.iosb.ilt.faaast.service.starter.App)
2025-01-24 14:12:37 [DEBUG] IdShort uniqueness validation: true (de.fraunhofer.iosb.ilt.faaast.service.starter.App)
2025-01-24 14:12:37 [DEBUG] Identifier uniqueness validation: true (de.fraunhofer.iosb.ilt.faaast.service.starter.App)
2025-01-24 14:12:37 [DEBUG] failed deserializing model as %s, reason: %s (de.fraunhofer.iosb.ilt.faaast.service.dataformat.EnvironmentSerializationManager)
de.fraunhofer.iosb.ilt.faaast.service.dataformat.DeserializationException: JSON deserialization failed
	at de.fraunhofer.iosb.ilt.faaast.service.dataformat.environment.deserializer.JsonEnvironmentDeserializer.read(JsonEnvironmentDeserializer.java:57)
	at de.fraunhofer.iosb.ilt.faaast.service.dataformat.EnvironmentDeserializer.read(EnvironmentDeserializer.java:78)
	at de.fraunhofer.iosb.ilt.faaast.service.dataformat.EnvironmentDeserializer.read(EnvironmentDeserializer.java:64)
	at de.fraunhofer.iosb.ilt.faaast.service.dataformat.EnvironmentSerializationManager.deserialize(EnvironmentSerializationManager.java:152)
	at de.fraunhofer.iosb.ilt.faaast.service.starter.App.validate(App.java:289)
	at de.fraunhofer.iosb.ilt.faaast.service.starter.App.run(App.java:356)
	at picocli.CommandLine.executeUserObject(CommandLine.java:2030)
	at picocli.CommandLine.access$1500(CommandLine.java:148)
	at picocli.CommandLine$RunLast.executeUserObjectOfLastSubcommandWithSameParent(CommandLine.java:2465)
	at picocli.CommandLine$RunLast.handle(CommandLine.java:2457)
	at picocli.CommandLine$RunLast.handle(CommandLine.java:2419)
	at picocli.CommandLine$AbstractParseResultHandler.execute(CommandLine.java:2277)
	at picocli.CommandLine$RunLast.execute(CommandLine.java:2421)
	at picocli.CommandLine.execute(CommandLine.java:2174)
	at de.fraunhofer.iosb.ilt.faaast.service.starter.App.main(App.java:224)
Caused by: com.fasterxml.jackson.databind.JsonMappingException: No enum constant org.eclipse.digitaltwin.aas4j.v3.model.DataTypeDefXsd.ARRAY (through reference chain: org.eclipse.digitaltwin.aas4j.v3.model.impl.DefaultEnvironment["submodels"]->java.util.ArrayList[0]->org.eclipse.digitaltwin.aas4j.v3.model.impl.DefaultSubmodel["submodelElements"]->java.util.ArrayList[0]->org.eclipse.digitaltwin.aas4j.v3.model.impl.DefaultProperty["valueType"])
	at com.fasterxml.jackson.databind.JsonMappingException.wrapWithPath(JsonMappingException.java:402)
	at com.fasterxml.jackson.databind.JsonMappingException.wrapWithPath(JsonMappingException.java:361)
	at com.fasterxml.jackson.databind.deser.BeanDeserializerBase.wrapAndThrow(BeanDeserializerBase.java:1937)
	at com.fasterxml.jackson.databind.deser.BeanDeserializer.vanillaDeserialize(BeanDeserializer.java:312)
	at com.fasterxml.jackson.databind.deser.BeanDeserializer._deserializeOther(BeanDeserializer.java:215)
	at com.fasterxml.jackson.databind.deser.BeanDeserializer.deserialize(BeanDeserializer.java:187)
	at com.fasterxml.jackson.databind.jsontype.impl.AsPropertyTypeDeserializer._deserializeTypedForId(AsPropertyTypeDeserializer.java:170)
	at com.fasterxml.jackson.databind.jsontype.impl.AsPropertyTypeDeserializer.deserializeTypedFromObject(AsPropertyTypeDeserializer.java:136)
	at com.fasterxml.jackson.databind.deser.AbstractDeserializer.deserializeWithType(AbstractDeserializer.java:263)
	at com.fasterxml.jackson.databind.deser.std.CollectionDeserializer._deserializeFromArray(CollectionDeserializer.java:363)
	at com.fasterxml.jackson.databind.deser.std.CollectionDeserializer.deserialize(CollectionDeserializer.java:246)
	at com.fasterxml.jackson.databind.deser.std.CollectionDeserializer.deserialize(CollectionDeserializer.java:30)
	at com.fasterxml.jackson.databind.deser.impl.MethodProperty.deserializeAndSet(MethodProperty.java:129)
	at com.fasterxml.jackson.databind.deser.BeanDeserializer.vanillaDeserialize(BeanDeserializer.java:310)
	at com.fasterxml.jackson.databind.deser.BeanDeserializer._deserializeOther(BeanDeserializer.java:215)
	at com.fasterxml.jackson.databind.deser.BeanDeserializer.deserialize(BeanDeserializer.java:187)
	at com.fasterxml.jackson.databind.jsontype.impl.AsPropertyTypeDeserializer._deserializeTypedForId(AsPropertyTypeDeserializer.java:170)
	at com.fasterxml.jackson.databind.jsontype.impl.AsPropertyTypeDeserializer.deserializeTypedFromObject(AsPropertyTypeDeserializer.java:136)
	at com.fasterxml.jackson.databind.deser.BeanDeserializerBase.deserializeWithType(BeanDeserializerBase.java:1380)
	at com.fasterxml.jackson.databind.deser.std.CollectionDeserializer._deserializeFromArray(CollectionDeserializer.java:363)
	at com.fasterxml.jackson.databind.deser.std.CollectionDeserializer.deserialize(CollectionDeserializer.java:246)
	at com.fasterxml.jackson.databind.deser.std.CollectionDeserializer.deserialize(CollectionDeserializer.java:30)
	at com.fasterxml.jackson.databind.deser.impl.MethodProperty.deserializeAndSet(MethodProperty.java:129)
	at com.fasterxml.jackson.databind.deser.BeanDeserializer.vanillaDeserialize(BeanDeserializer.java:310)
	at com.fasterxml.jackson.databind.deser.BeanDeserializer.deserialize(BeanDeserializer.java:177)
	at com.fasterxml.jackson.databind.deser.DefaultDeserializationContext.readRootValue(DefaultDeserializationContext.java:342)
	at com.fasterxml.jackson.databind.ObjectMapper._readMapAndClose(ObjectMapper.java:4905)
	at com.fasterxml.jackson.databind.ObjectMapper.readValue(ObjectMapper.java:3861)
	at de.fraunhofer.iosb.ilt.faaast.service.dataformat.environment.deserializer.JsonEnvironmentDeserializer.read(JsonEnvironmentDeserializer.java:53)
	... 14 common frames omitted
Caused by: java.lang.IllegalArgumentException: No enum constant org.eclipse.digitaltwin.aas4j.v3.model.DataTypeDefXsd.ARRAY
	at java.base/java.lang.Enum.valueOf(Enum.java:273)
	at org.eclipse.digitaltwin.aas4j.v3.dataformat.core.internal.deserialization.EnumDeserializer.deserialize(EnumDeserializer.java:49)
	at org.eclipse.digitaltwin.aas4j.v3.dataformat.core.internal.deserialization.EnumDeserializer.deserialize(EnumDeserializer.java:31)
	at com.fasterxml.jackson.databind.deser.impl.MethodProperty.deserializeAndSet(MethodProperty.java:129)
	at com.fasterxml.jackson.databind.deser.BeanDeserializer.vanillaDeserialize(BeanDeserializer.java:310)
	... 39 common frames omitted
2025-01-24 14:12:37 [ERROR] Error loading model file (de.fraunhofer.iosb.ilt.faaast.service.starter.ExecutionExceptionHandler)
de.fraunhofer.iosb.ilt.faaast.service.starter.InitializationException: Error loading model file
	at de.fraunhofer.iosb.ilt.faaast.service.starter.App.validate(App.java:300)
	at de.fraunhofer.iosb.ilt.faaast.service.starter.App.run(App.java:356)
	at picocli.CommandLine.executeUserObject(CommandLine.java:2030)
	at picocli.CommandLine.access$1500(CommandLine.java:148)
	at picocli.CommandLine$RunLast.executeUserObjectOfLastSubcommandWithSameParent(CommandLine.java:2465)
	at picocli.CommandLine$RunLast.handle(CommandLine.java:2457)
	at picocli.CommandLine$RunLast.handle(CommandLine.java:2419)
	at picocli.CommandLine$AbstractParseResultHandler.execute(CommandLine.java:2277)
	at picocli.CommandLine$RunLast.execute(CommandLine.java:2421)
	at picocli.CommandLine.execute(CommandLine.java:2174)
	at de.fraunhofer.iosb.ilt.faaast.service.starter.App.main(App.java:224)
Caused by: de.fraunhofer.iosb.ilt.faaast.service.dataformat.DeserializationException: error reading AAS file - could be not parsed using any of the potential data formats identified by file extension (potential data formats: JSON)
	at de.fraunhofer.iosb.ilt.faaast.service.dataformat.EnvironmentSerializationManager.deserialize(EnvironmentSerializationManager.java:161)
	at de.fraunhofer.iosb.ilt.faaast.service.starter.App.validate(App.java:289)
	... 10 common frames omitted
2025-01-24 14:13:57 [ERROR] Error loading model file (de.fraunhofer.iosb.ilt.faaast.service.starter.ExecutionExceptionHandler)
de.fraunhofer.iosb.ilt.faaast.service.starter.InitializationException: Error loading model file
	at de.fraunhofer.iosb.ilt.faaast.service.starter.App.validate(App.java:300)
	at de.fraunhofer.iosb.ilt.faaast.service.starter.App.run(App.java:356)
	at picocli.CommandLine.executeUserObject(CommandLine.java:2030)
	at picocli.CommandLine.access$1500(CommandLine.java:148)
	at picocli.CommandLine$RunLast.executeUserObjectOfLastSubcommandWithSameParent(CommandLine.java:2465)
	at picocli.CommandLine$RunLast.handle(CommandLine.java:2457)
	at picocli.CommandLine$RunLast.handle(CommandLine.java:2419)
	at picocli.CommandLine$AbstractParseResultHandler.execute(CommandLine.java:2277)
	at picocli.CommandLine$RunLast.execute(CommandLine.java:2421)
	at picocli.CommandLine.execute(CommandLine.java:2174)
	at de.fraunhofer.iosb.ilt.faaast.service.starter.App.main(App.java:224)
Caused by: de.fraunhofer.iosb.ilt.faaast.service.dataformat.DeserializationException: error reading AAS file - could be not parsed using any of the potential data formats identified by file extension (potential data formats: JSON)
	at de.fraunhofer.iosb.ilt.faaast.service.dataformat.EnvironmentSerializationManager.deserialize(EnvironmentSerializationManager.java:161)
	at de.fraunhofer.iosb.ilt.faaast.service.starter.App.validate(App.java:289)
	... 10 common frames omitted
2025-01-24 14:17:27 [ERROR] Error loading model file (de.fraunhofer.iosb.ilt.faaast.service.starter.ExecutionExceptionHandler)
de.fraunhofer.iosb.ilt.faaast.service.starter.InitializationException: Error loading model file
	at de.fraunhofer.iosb.ilt.faaast.service.starter.App.validate(App.java:300)
	at de.fraunhofer.iosb.ilt.faaast.service.starter.App.run(App.java:356)
	at picocli.CommandLine.executeUserObject(CommandLine.java:2030)
	at picocli.CommandLine.access$1500(CommandLine.java:148)
	at picocli.CommandLine$RunLast.executeUserObjectOfLastSubcommandWithSameParent(CommandLine.java:2465)
	at picocli.CommandLine$RunLast.handle(CommandLine.java:2457)
	at picocli.CommandLine$RunLast.handle(CommandLine.java:2419)
	at picocli.CommandLine$AbstractParseResultHandler.execute(CommandLine.java:2277)
	at picocli.CommandLine$RunLast.execute(CommandLine.java:2421)
	at picocli.CommandLine.execute(CommandLine.java:2174)
	at de.fraunhofer.iosb.ilt.faaast.service.starter.App.main(App.java:224)
Caused by: de.fraunhofer.iosb.ilt.faaast.service.dataformat.DeserializationException: error reading AAS file - could be not parsed using any of the potential data formats identified by file extension (potential data formats: JSON)
	at de.fraunhofer.iosb.ilt.faaast.service.dataformat.EnvironmentSerializationManager.deserialize(EnvironmentSerializationManager.java:161)
	at de.fraunhofer.iosb.ilt.faaast.service.starter.App.validate(App.java:289)
	... 10 common frames omitted
2025-01-24 14:22:33 [ERROR] Error loading model file (de.fraunhofer.iosb.ilt.faaast.service.starter.ExecutionExceptionHandler)
de.fraunhofer.iosb.ilt.faaast.service.starter.InitializationException: Error loading model file
	at de.fraunhofer.iosb.ilt.faaast.service.starter.App.validate(App.java:300)
	at de.fraunhofer.iosb.ilt.faaast.service.starter.App.run(App.java:356)
	at picocli.CommandLine.executeUserObject(CommandLine.java:2030)
	at picocli.CommandLine.access$1500(CommandLine.java:148)
	at picocli.CommandLine$RunLast.executeUserObjectOfLastSubcommandWithSameParent(CommandLine.java:2465)
	at picocli.CommandLine$RunLast.handle(CommandLine.java:2457)
	at picocli.CommandLine$RunLast.handle(CommandLine.java:2419)
	at picocli.CommandLine$AbstractParseResultHandler.execute(CommandLine.java:2277)
	at picocli.CommandLine$RunLast.execute(CommandLine.java:2421)
	at picocli.CommandLine.execute(CommandLine.java:2174)
	at de.fraunhofer.iosb.ilt.faaast.service.starter.App.main(App.java:224)
Caused by: de.fraunhofer.iosb.ilt.faaast.service.dataformat.DeserializationException: error reading AAS file - could be not parsed using any of the potential data formats identified by file extension (potential data formats: JSON)
	at de.fraunhofer.iosb.ilt.faaast.service.dataformat.EnvironmentSerializationManager.deserialize(EnvironmentSerializationManager.java:161)
	at de.fraunhofer.iosb.ilt.faaast.service.starter.App.validate(App.java:289)
	... 10 common frames omitted
2025-01-24 14:23:12 [ERROR] Error loading model file (de.fraunhofer.iosb.ilt.faaast.service.starter.ExecutionExceptionHandler)
de.fraunhofer.iosb.ilt.faaast.service.starter.InitializationException: Error loading model file
	at de.fraunhofer.iosb.ilt.faaast.service.starter.App.validate(App.java:300)
	at de.fraunhofer.iosb.ilt.faaast.service.starter.App.run(App.java:356)
	at picocli.CommandLine.executeUserObject(CommandLine.java:2030)
	at picocli.CommandLine.access$1500(CommandLine.java:148)
	at picocli.CommandLine$RunLast.executeUserObjectOfLastSubcommandWithSameParent(CommandLine.java:2465)
	at picocli.CommandLine$RunLast.handle(CommandLine.java:2457)
	at picocli.CommandLine$RunLast.handle(CommandLine.java:2419)
	at picocli.CommandLine$AbstractParseResultHandler.execute(CommandLine.java:2277)
	at picocli.CommandLine$RunLast.execute(CommandLine.java:2421)
	at picocli.CommandLine.execute(CommandLine.java:2174)
	at de.fraunhofer.iosb.ilt.faaast.service.starter.App.main(App.java:224)
Caused by: de.fraunhofer.iosb.ilt.faaast.service.dataformat.DeserializationException: error reading AAS file - could be not parsed using any of the potential data formats identified by file extension (potential data formats: JSON)
	at de.fraunhofer.iosb.ilt.faaast.service.dataformat.EnvironmentSerializationManager.deserialize(EnvironmentSerializationManager.java:161)
	at de.fraunhofer.iosb.ilt.faaast.service.starter.App.validate(App.java:289)
	... 10 common frames omitted
2025-01-24 14:23:21 [ERROR] Error loading model file (de.fraunhofer.iosb.ilt.faaast.service.starter.ExecutionExceptionHandler)
de.fraunhofer.iosb.ilt.faaast.service.starter.InitializationException: Error loading model file
	at de.fraunhofer.iosb.ilt.faaast.service.starter.App.validate(App.java:300)
	at de.fraunhofer.iosb.ilt.faaast.service.starter.App.run(App.java:356)
	at picocli.CommandLine.executeUserObject(CommandLine.java:2030)
	at picocli.CommandLine.access$1500(CommandLine.java:148)
	at picocli.CommandLine$RunLast.executeUserObjectOfLastSubcommandWithSameParent(CommandLine.java:2465)
	at picocli.CommandLine$RunLast.handle(CommandLine.java:2457)
	at picocli.CommandLine$RunLast.handle(CommandLine.java:2419)
	at picocli.CommandLine$AbstractParseResultHandler.execute(CommandLine.java:2277)
	at picocli.CommandLine$RunLast.execute(CommandLine.java:2421)
	at picocli.CommandLine.execute(CommandLine.java:2174)
	at de.fraunhofer.iosb.ilt.faaast.service.starter.App.main(App.java:224)
Caused by: de.fraunhofer.iosb.ilt.faaast.service.dataformat.DeserializationException: error reading AAS file - could be not parsed using any of the potential data formats identified by file extension (potential data formats: JSON)
	at de.fraunhofer.iosb.ilt.faaast.service.dataformat.EnvironmentSerializationManager.deserialize(EnvironmentSerializationManager.java:161)
	at de.fraunhofer.iosb.ilt.faaast.service.starter.App.validate(App.java:289)
	... 10 common frames omitted
2025-01-24 14:23:29 [ERROR] Error loading model file (de.fraunhofer.iosb.ilt.faaast.service.starter.ExecutionExceptionHandler)
de.fraunhofer.iosb.ilt.faaast.service.starter.InitializationException: Error loading model file
	at de.fraunhofer.iosb.ilt.faaast.service.starter.App.validate(App.java:300)
	at de.fraunhofer.iosb.ilt.faaast.service.starter.App.run(App.java:356)
	at picocli.CommandLine.executeUserObject(CommandLine.java:2030)
	at picocli.CommandLine.access$1500(CommandLine.java:148)
	at picocli.CommandLine$RunLast.executeUserObjectOfLastSubcommandWithSameParent(CommandLine.java:2465)
	at picocli.CommandLine$RunLast.handle(CommandLine.java:2457)
	at picocli.CommandLine$RunLast.handle(CommandLine.java:2419)
	at picocli.CommandLine$AbstractParseResultHandler.execute(CommandLine.java:2277)
	at picocli.CommandLine$RunLast.execute(CommandLine.java:2421)
	at picocli.CommandLine.execute(CommandLine.java:2174)
	at de.fraunhofer.iosb.ilt.faaast.service.starter.App.main(App.java:224)
Caused by: de.fraunhofer.iosb.ilt.faaast.service.dataformat.DeserializationException: error reading AAS file - could be not parsed using any of the potential data formats identified by file extension (potential data formats: JSON)
	at de.fraunhofer.iosb.ilt.faaast.service.dataformat.EnvironmentSerializationManager.deserialize(EnvironmentSerializationManager.java:161)
	at de.fraunhofer.iosb.ilt.faaast.service.starter.App.validate(App.java:289)
	... 10 common frames omitted
2025-01-24 14:23:36 [ERROR] Error loading model file (de.fraunhofer.iosb.ilt.faaast.service.starter.ExecutionExceptionHandler)
de.fraunhofer.iosb.ilt.faaast.service.starter.InitializationException: Error loading model file
	at de.fraunhofer.iosb.ilt.faaast.service.starter.App.validate(App.java:300)
	at de.fraunhofer.iosb.ilt.faaast.service.starter.App.run(App.java:356)
	at picocli.CommandLine.executeUserObject(CommandLine.java:2030)
	at picocli.CommandLine.access$1500(CommandLine.java:148)
	at picocli.CommandLine$RunLast.executeUserObjectOfLastSubcommandWithSameParent(CommandLine.java:2465)
	at picocli.CommandLine$RunLast.handle(CommandLine.java:2457)
	at picocli.CommandLine$RunLast.handle(CommandLine.java:2419)
	at picocli.CommandLine$AbstractParseResultHandler.execute(CommandLine.java:2277)
	at picocli.CommandLine$RunLast.execute(CommandLine.java:2421)
	at picocli.CommandLine.execute(CommandLine.java:2174)
	at de.fraunhofer.iosb.ilt.faaast.service.starter.App.main(App.java:224)
Caused by: de.fraunhofer.iosb.ilt.faaast.service.dataformat.DeserializationException: error reading AAS file - could be not parsed using any of the potential data formats identified by file extension (potential data formats: JSON)
	at de.fraunhofer.iosb.ilt.faaast.service.dataformat.EnvironmentSerializationManager.deserialize(EnvironmentSerializationManager.java:161)
	at de.fraunhofer.iosb.ilt.faaast.service.starter.App.validate(App.java:289)
	... 10 common frames omitted
2025-01-24 14:25:03 [ERROR] Error loading model file (de.fraunhofer.iosb.ilt.faaast.service.starter.ExecutionExceptionHandler)
de.fraunhofer.iosb.ilt.faaast.service.starter.InitializationException: Error loading model file
	at de.fraunhofer.iosb.ilt.faaast.service.starter.App.validate(App.java:300)
	at de.fraunhofer.iosb.ilt.faaast.service.starter.App.run(App.java:356)
	at picocli.CommandLine.executeUserObject(CommandLine.java:2030)
	at picocli.CommandLine.access$1500(CommandLine.java:148)
	at picocli.CommandLine$RunLast.executeUserObjectOfLastSubcommandWithSameParent(CommandLine.java:2465)
	at picocli.CommandLine$RunLast.handle(CommandLine.java:2457)
	at picocli.CommandLine$RunLast.handle(CommandLine.java:2419)
	at picocli.CommandLine$AbstractParseResultHandler.execute(CommandLine.java:2277)
	at picocli.CommandLine$RunLast.execute(CommandLine.java:2421)
	at picocli.CommandLine.execute(CommandLine.java:2174)
	at de.fraunhofer.iosb.ilt.faaast.service.starter.App.main(App.java:224)
Caused by: de.fraunhofer.iosb.ilt.faaast.service.dataformat.DeserializationException: error reading AAS file - could be not parsed using any of the potential data formats identified by file extension (potential data formats: JSON)
	at de.fraunhofer.iosb.ilt.faaast.service.dataformat.EnvironmentSerializationManager.deserialize(EnvironmentSerializationManager.java:161)
	at de.fraunhofer.iosb.ilt.faaast.service.starter.App.validate(App.java:289)
	... 10 common frames omitted
2025-01-24 14:25:19 [ERROR] Error loading model file (de.fraunhofer.iosb.ilt.faaast.service.starter.ExecutionExceptionHandler)
de.fraunhofer.iosb.ilt.faaast.service.starter.InitializationException: Error loading model file
	at de.fraunhofer.iosb.ilt.faaast.service.starter.App.validate(App.java:300)
	at de.fraunhofer.iosb.ilt.faaast.service.starter.App.run(App.java:356)
	at picocli.CommandLine.executeUserObject(CommandLine.java:2030)
	at picocli.CommandLine.access$1500(CommandLine.java:148)
	at picocli.CommandLine$RunLast.executeUserObjectOfLastSubcommandWithSameParent(CommandLine.java:2465)
	at picocli.CommandLine$RunLast.handle(CommandLine.java:2457)
	at picocli.CommandLine$RunLast.handle(CommandLine.java:2419)
	at picocli.CommandLine$AbstractParseResultHandler.execute(CommandLine.java:2277)
	at picocli.CommandLine$RunLast.execute(CommandLine.java:2421)
	at picocli.CommandLine.execute(CommandLine.java:2174)
	at de.fraunhofer.iosb.ilt.faaast.service.starter.App.main(App.java:224)
Caused by: de.fraunhofer.iosb.ilt.faaast.service.dataformat.DeserializationException: error reading AAS file - could be not parsed using any of the potential data formats identified by file extension (potential data formats: JSON)
	at de.fraunhofer.iosb.ilt.faaast.service.dataformat.EnvironmentSerializationManager.deserialize(EnvironmentSerializationManager.java:161)
	at de.fraunhofer.iosb.ilt.faaast.service.starter.App.validate(App.java:289)
	... 10 common frames omitted
2025-01-24 14:29:03 [ERROR] Error loading model file (de.fraunhofer.iosb.ilt.faaast.service.starter.ExecutionExceptionHandler)
de.fraunhofer.iosb.ilt.faaast.service.starter.InitializationException: Error loading model file
	at de.fraunhofer.iosb.ilt.faaast.service.starter.App.validate(App.java:300)
	at de.fraunhofer.iosb.ilt.faaast.service.starter.App.run(App.java:356)
	at picocli.CommandLine.executeUserObject(CommandLine.java:2030)
	at picocli.CommandLine.access$1500(CommandLine.java:148)
	at picocli.CommandLine$RunLast.executeUserObjectOfLastSubcommandWithSameParent(CommandLine.java:2465)
	at picocli.CommandLine$RunLast.handle(CommandLine.java:2457)
	at picocli.CommandLine$RunLast.handle(CommandLine.java:2419)
	at picocli.CommandLine$AbstractParseResultHandler.execute(CommandLine.java:2277)
	at picocli.CommandLine$RunLast.execute(CommandLine.java:2421)
	at picocli.CommandLine.execute(CommandLine.java:2174)
	at de.fraunhofer.iosb.ilt.faaast.service.starter.App.main(App.java:224)
Caused by: de.fraunhofer.iosb.ilt.faaast.service.dataformat.DeserializationException: error reading AAS file - could be not parsed using any of the potential data formats identified by file extension (potential data formats: JSON)
	at de.fraunhofer.iosb.ilt.faaast.service.dataformat.EnvironmentSerializationManager.deserialize(EnvironmentSerializationManager.java:161)
	at de.fraunhofer.iosb.ilt.faaast.service.starter.App.validate(App.java:289)
	... 10 common frames omitted
2025-01-24 14:29:39 [ERROR] Error loading model file (de.fraunhofer.iosb.ilt.faaast.service.starter.ExecutionExceptionHandler)
de.fraunhofer.iosb.ilt.faaast.service.starter.InitializationException: Error loading model file
	at de.fraunhofer.iosb.ilt.faaast.service.starter.App.validate(App.java:300)
	at de.fraunhofer.iosb.ilt.faaast.service.starter.App.run(App.java:356)
	at picocli.CommandLine.executeUserObject(CommandLine.java:2030)
	at picocli.CommandLine.access$1500(CommandLine.java:148)
	at picocli.CommandLine$RunLast.executeUserObjectOfLastSubcommandWithSameParent(CommandLine.java:2465)
	at picocli.CommandLine$RunLast.handle(CommandLine.java:2457)
	at picocli.CommandLine$RunLast.handle(CommandLine.java:2419)
	at picocli.CommandLine$AbstractParseResultHandler.execute(CommandLine.java:2277)
	at picocli.CommandLine$RunLast.execute(CommandLine.java:2421)
	at picocli.CommandLine.execute(CommandLine.java:2174)
	at de.fraunhofer.iosb.ilt.faaast.service.starter.App.main(App.java:224)
Caused by: de.fraunhofer.iosb.ilt.faaast.service.dataformat.DeserializationException: error reading AAS file - could be not parsed using any of the potential data formats identified by file extension (potential data formats: JSON)
	at de.fraunhofer.iosb.ilt.faaast.service.dataformat.EnvironmentSerializationManager.deserialize(EnvironmentSerializationManager.java:161)
	at de.fraunhofer.iosb.ilt.faaast.service.starter.App.validate(App.java:289)
	... 10 common frames omitted
2025-01-24 14:30:45 [ERROR] Error loading model file (de.fraunhofer.iosb.ilt.faaast.service.starter.ExecutionExceptionHandler)
de.fraunhofer.iosb.ilt.faaast.service.starter.InitializationException: Error loading model file
	at de.fraunhofer.iosb.ilt.faaast.service.starter.App.validate(App.java:300)
	at de.fraunhofer.iosb.ilt.faaast.service.starter.App.run(App.java:356)
	at picocli.CommandLine.executeUserObject(CommandLine.java:2030)
	at picocli.CommandLine.access$1500(CommandLine.java:148)
	at picocli.CommandLine$RunLast.executeUserObjectOfLastSubcommandWithSameParent(CommandLine.java:2465)
	at picocli.CommandLine$RunLast.handle(CommandLine.java:2457)
	at picocli.CommandLine$RunLast.handle(CommandLine.java:2419)
	at picocli.CommandLine$AbstractParseResultHandler.execute(CommandLine.java:2277)
	at picocli.CommandLine$RunLast.execute(CommandLine.java:2421)
	at picocli.CommandLine.execute(CommandLine.java:2174)
	at de.fraunhofer.iosb.ilt.faaast.service.starter.App.main(App.java:224)
Caused by: de.fraunhofer.iosb.ilt.faaast.service.dataformat.DeserializationException: error reading AAS file - could be not parsed using any of the potential data formats identified by file extension (potential data formats: JSON)
	at de.fraunhofer.iosb.ilt.faaast.service.dataformat.EnvironmentSerializationManager.deserialize(EnvironmentSerializationManager.java:161)
	at de.fraunhofer.iosb.ilt.faaast.service.starter.App.validate(App.java:289)
	... 10 common frames omitted
