2025-01-23 11:15:08 [WARN] Remote certificate not accepted: Bad_SecurityChecksFailed (0x80130000) "An error occurred verifying security." (com.prosysopc.ua.stack.transport.tcp.nio.g)
2025-01-23 13:44:25 [WARN] Remote certificate not accepted: Bad_SecurityChecksFailed (0x80130000) "An error occurred verifying security." (com.prosysopc.ua.stack.transport.tcp.nio.g)
2025-01-23 13:44:33 [WARN] Remote certificate not accepted: Bad_SecurityChecksFailed (0x80130000) "An error occurred verifying security." (com.prosysopc.ua.stack.transport.tcp.nio.g)
2025-01-23 13:50:30 [WARN] Remote certificate not accepted: Bad_SecurityChecksFailed (0x80130000) "An error occurred verifying security." (com.prosysopc.ua.stack.transport.tcp.nio.g)
2025-01-23 13:51:50 [WARN] Remote certificate not accepted: Bad_SecurityChecksFailed (0x80130000) "An error occurred verifying security." (com.prosysopc.ua.stack.transport.tcp.nio.g)
2025-01-23 13:52:16 [WARN] OPC UA asset connection lost (host: opc.tcp://localhost:12686/milo) (de.fraunhofer.iosb.ilt.faaast.service.assetconnection.opcua.OpcUaAssetConnection)
2025-01-23 13:54:18 [WARN] Remote certificate not accepted: Bad_SecurityChecksFailed (0x80130000) "An error occurred verifying security." (com.prosysopc.ua.stack.transport.tcp.nio.g)
2025-01-23 13:54:54 [WARN] OPC UA asset connection lost (host: opc.tcp://localhost:12686/milo) (de.fraunhofer.iosb.ilt.faaast.service.assetconnection.opcua.OpcUaAssetConnection)
2025-01-23 13:59:43 [WARN] Remote certificate not accepted: Bad_SecurityChecksFailed (0x80130000) "An error occurred verifying security." (com.prosysopc.ua.stack.transport.tcp.nio.g)
2025-01-23 14:05:35 [WARN] OPC UA asset connection lost (host: opc.tcp://localhost:12686/milo) (de.fraunhofer.iosb.ilt.faaast.service.assetconnection.opcua.OpcUaAssetConnection)
2025-01-23 14:07:03 [WARN] OPC UA asset connection lost (host: opc.tcp://localhost:12686/milo) (de.fraunhofer.iosb.ilt.faaast.service.assetconnection.opcua.OpcUaAssetConnection)
2025-01-23 14:09:16 [WARN] Remote certificate not accepted: Bad_SecurityChecksFailed (0x80130000) "An error occurred verifying security." (com.prosysopc.ua.stack.transport.tcp.nio.g)
2025-01-23 14:09:57 [WARN] Remote certificate not accepted: Bad_SecurityChecksFailed (0x80130000) "An error occurred verifying security." (com.prosysopc.ua.stack.transport.tcp.nio.g)
2025-01-23 14:11:16 [WARN] Remote certificate not accepted: Bad_SecurityChecksFailed (0x80130000) "An error occurred verifying security." (com.prosysopc.ua.stack.transport.tcp.nio.g)
2025-01-23 14:19:51 [WARN] OPC UA asset connection lost (host: opc.tcp://localhost:12686/milo) (de.fraunhofer.iosb.ilt.faaast.service.assetconnection.opcua.OpcUaAssetConnection)
2025-01-23 14:28:11 [WARN] onWriteValue: Node ns=3;s=DemoAAS/2:AssetInformation/2:AssetKind: SubmodelElementData not found (de.fraunhofer.iosb.ilt.faaast.service.endpoint.opcua.listener.AasServiceIoManagerListener)
2025-01-23 14:28:11 [WARN] onWriteValue: NodeId ns=3;s=DemoAAS/2:AssetInformation/2:AssetKind write failed (de.fraunhofer.iosb.ilt.faaast.service.endpoint.opcua.listener.AasServiceIoManagerListener)
2025-01-23 14:28:34 [WARN] onWriteValue: Node ns=3;s=DemoAAS/2:AssetInformation/2:AssetKind: SubmodelElementData not found (de.fraunhofer.iosb.ilt.faaast.service.endpoint.opcua.listener.AasServiceIoManagerListener)
2025-01-23 14:28:34 [WARN] onWriteValue: NodeId ns=3;s=DemoAAS/2:AssetInformation/2:AssetKind write failed (de.fraunhofer.iosb.ilt.faaast.service.endpoint.opcua.listener.AasServiceIoManagerListener)
2025-01-23 14:28:35 [WARN] onWriteValue: Node ns=3;s=DemoAAS/2:AssetInformation/2:AssetKind: SubmodelElementData not found (de.fraunhofer.iosb.ilt.faaast.service.endpoint.opcua.listener.AasServiceIoManagerListener)
2025-01-23 14:28:35 [WARN] onWriteValue: NodeId ns=3;s=DemoAAS/2:AssetInformation/2:AssetKind write failed (de.fraunhofer.iosb.ilt.faaast.service.endpoint.opcua.listener.AasServiceIoManagerListener)
2025-01-23 14:29:37 [WARN] Remote certificate not accepted: Bad_SecurityChecksFailed (0x80130000) "An error occurred verifying security." (com.prosysopc.ua.stack.transport.tcp.nio.g)
2025-01-23 14:29:51 [WARN] OPC UA asset connection lost (host: opc.tcp://localhost:12686/milo) (de.fraunhofer.iosb.ilt.faaast.service.assetconnection.opcua.OpcUaAssetConnection)
2025-01-23 14:57:09 [WARN] OPC UA asset connection lost (host: opc.tcp://localhost:12686/milo) (de.fraunhofer.iosb.ilt.faaast.service.assetconnection.opcua.OpcUaAssetConnection)
2025-01-23 17:49:06 [ERROR] [remote=localhost/127.0.0.1:12686] Exception caught: Connection reset (org.eclipse.milo.opcua.stack.client.transport.uasc.UascClientAcknowledgeHandler)
java.net.SocketException: Connection reset
	at java.base/sun.nio.ch.SocketChannelImpl.throwConnectionReset(SocketChannelImpl.java:394)
	at java.base/sun.nio.ch.SocketChannelImpl.read(SocketChannelImpl.java:426)
	at io.netty.buffer.PooledByteBuf.setBytes(PooledByteBuf.java:255)
	at io.netty.buffer.AbstractByteBuf.writeBytes(AbstractByteBuf.java:1132)
	at io.netty.channel.socket.nio.NioSocketChannel.doReadBytes(NioSocketChannel.java:356)
	at io.netty.channel.nio.AbstractNioByteChannel$NioByteUnsafe.read(AbstractNioByteChannel.java:151)
	at io.netty.channel.nio.NioEventLoop.processSelectedKey(NioEventLoop.java:788)
	at io.netty.channel.nio.NioEventLoop.processSelectedKeysOptimized(NioEventLoop.java:724)
	at io.netty.channel.nio.NioEventLoop.processSelectedKeys(NioEventLoop.java:650)
	at io.netty.channel.nio.NioEventLoop.run(NioEventLoop.java:562)
	at io.netty.util.concurrent.SingleThreadEventExecutor$4.run(SingleThreadEventExecutor.java:994)
	at io.netty.util.internal.ThreadExecutorMap$2.run(ThreadExecutorMap.java:74)
	at java.base/java.lang.Thread.run(Thread.java:842)
2025-01-23 18:06:52 [WARN] OPC UA asset connection lost (host: opc.tcp://localhost:12686/milo) (de.fraunhofer.iosb.ilt.faaast.service.assetconnection.opcua.OpcUaAssetConnection)
